# JRE version: Java(TM) SE Runtime Environment (8.0_221-b11) (build 1.8.0_221-b11)
# Java VM: Java HotSpot(TM) 64-Bit Server VM (25.221-b11 mixed mode windows-amd64 compressed oops)
Heap:
 PSYoungGen      total 125952K, used 86464K [0x00000000f5580000, 0x0000000100000000, 0x0000000100000000)
  eden space 83968K, 100% used [0x00000000f5580000,0x00000000fa780000,0x00000000fa780000)
  from space 41984K, 5% used [0x00000000fa780000,0x00000000fa9f0020,0x00000000fd080000)
  to   space 41984K, 22% used [0x00000000fd700000,0x00000000fe048db8,0x0000000100000000)
 ParOldGen       total 344576K, used 155917K [0x00000000e0000000, 0x00000000f5080000, 0x00000000f5580000)
  object space 344576K, 45% used [0x00000000e0000000,0x00000000e9843790,0x00000000f5080000)
 Metaspace       used 80677K, capacity 86552K, committed 86784K, reserved 1124352K
  class space    used 10705K, capacity 11930K, committed 12032K, reserved 1048576K
GC Heap History (10 events):
Event: 1622.566 GC heap after
Heap after GC invocations=33 (full 4):
 PSYoungGen      total 122880K, used 3675K [0x00000000f5580000, 0x0000000100000000, 0x0000000100000000)
  eden space 72704K, 0% used [0x00000000f5580000,0x00000000f5580000,0x00000000f9c80000)
  from space 50176K, 7% used [0x00000000f9c80000,0x00000000fa016e20,0x00000000fcd80000)
  to   space 49664K, 0% used [0x00000000fcf80000,0x00000000fcf80000,0x0000000100000000)
 ParOldGen       total 344576K, used 110549K [0x00000000e0000000, 0x00000000f5080000, 0x00000000f5580000)
  object space 344576K, 32% used [0x00000000e0000000,0x00000000e6bf5720,0x00000000f5080000)
 Metaspace       used 80226K, capacity 85950K, committed 86528K, reserved 1124352K
  class space    used 10675K, capacity 11879K, committed 12032K, reserved 1048576K
}
Event: 1631.002 GC heap before
{Heap before GC invocations=34 (full 4):
 PSYoungGen      total 122880K, used 76379K [0x00000000f5580000, 0x0000000100000000, 0x0000000100000000)
  eden space 72704K, 100% used [0x00000000f5580000,0x00000000f9c80000,0x00000000f9c80000)
  from space 50176K, 7% used [0x00000000f9c80000,0x00000000fa016e20,0x00000000fcd80000)
  to   space 49664K, 0% used [0x00000000fcf80000,0x00000000fcf80000,0x0000000100000000)
 ParOldGen       total 344576K, used 110549K [0x00000000e0000000, 0x00000000f5080000, 0x00000000f5580000)
  object space 344576K, 32% used [0x00000000e0000000,0x00000000e6bf5720,0x00000000f5080000)
 Metaspace       used 80311K, capacity 86078K, committed 86784K, reserved 1124352K
  class space    used 10676K, capacity 11879K, committed 12032K, reserved 1048576K
Event: 1631.047 GC heap after
Heap after GC invocations=34 (full 4):
 PSYoungGen      total 117760K, used 17452K [0x00000000f5580000, 0x00000000ff980000, 0x0000000100000000)
  eden space 74752K, 0% used [0x00000000f5580000,0x00000000f5580000,0x00000000f9e80000)
  from space 43008K, 40% used [0x00000000fcf80000,0x00000000fe08b220,0x00000000ff980000)
  to   space 46592K, 0% used [0x00000000f9e80000,0x00000000f9e80000,0x00000000fcc00000)
 ParOldGen       total 344576K, used 114008K [0x00000000e0000000, 0x00000000f5080000, 0x00000000f5580000)
  object space 344576K, 33% used [0x00000000e0000000,0x00000000e6f561e8,0x00000000f5080000)
 Metaspace       used 80311K, capacity 86078K, committed 86784K, reserved 1124352K
  class space    used 10676K, capacity 11879K, committed 12032K, reserved 1048576K
}
Event: 1631.770 GC heap before
{Heap before GC invocations=35 (full 4):
 PSYoungGen      total 117760K, used 92204K [0x00000000f5580000, 0x00000000ff980000, 0x0000000100000000)
  eden space 74752K, 100% used [0x00000000f5580000,0x00000000f9e80000,0x00000000f9e80000)
  from space 43008K, 40% used [0x00000000fcf80000,0x00000000fe08b220,0x00000000ff980000)
  to   space 46592K, 0% used [0x00000000f9e80000,0x00000000f9e80000,0x00000000fcc00000)
 ParOldGen       total 344576K, used 114008K [0x00000000e0000000, 0x00000000f5080000, 0x00000000f5580000)
  object space 344576K, 33% used [0x00000000e0000000,0x00000000e6f561e8,0x00000000f5080000)
 Metaspace       used 80351K, capacity 86082K, committed 86784K, reserved 1124352K
  class space    used 10676K, capacity 11879K, committed 12032K, reserved 1048576K
Event: 1631.822 GC heap after
Heap after GC invocations=35 (full 4):
 PSYoungGen      total 121344K, used 15088K [0x00000000f5580000, 0x00000000ffe80000, 0x0000000100000000)
  eden space 74752K, 0% used [0x00000000f5580000,0x00000000f5580000,0x00000000f9e80000)
  from space 46592K, 32% used [0x00000000f9e80000,0x00000000fad3c030,0x00000000fcc00000)
  to   space 44032K, 0% used [0x00000000fd380000,0x00000000fd380000,0x00000000ffe80000)
 ParOldGen       total 344576K, used 130783K [0x00000000e0000000, 0x00000000f5080000, 0x00000000f5580000)
  object space 344576K, 37% used [0x00000000e0000000,0x00000000e7fb7dc8,0x00000000f5080000)
 Metaspace       used 80351K, capacity 86082K, committed 86784K, reserved 1124352K
  class space    used 10676K, capacity 11879K, committed 12032K, reserved 1048576K
}
Event: 1633.278 GC heap before
{Heap before GC invocations=36 (full 4):
 PSYoungGen      total 121344K, used 89840K [0x00000000f5580000, 0x00000000ffe80000, 0x0000000100000000)
  eden space 74752K, 100% used [0x00000000f5580000,0x00000000f9e80000,0x00000000f9e80000)
  from space 46592K, 32% used [0x00000000f9e80000,0x00000000fad3c030,0x00000000fcc00000)
  to   space 44032K, 0% used [0x00000000fd380000,0x00000000fd380000,0x00000000ffe80000)
 ParOldGen       total 344576K, used 130783K [0x00000000e0000000, 0x00000000f5080000, 0x00000000f5580000)
  object space 344576K, 37% used [0x00000000e0000000,0x00000000e7fb7dc8,0x00000000f5080000)
 Metaspace       used 80369K, capacity 86082K, committed 86784K, reserved 1124352K
  class space    used 10676K, capacity 11879K, committed 12032K, reserved 1048576K
Event: 1633.310 GC heap after
Heap after GC invocations=36 (full 4):
 PSYoungGen      total 122880K, used 10048K [0x00000000f5580000, 0x00000000ff980000, 0x0000000100000000)
  eden space 83968K, 0% used [0x00000000f5580000,0x00000000f5580000,0x00000000fa780000)
  from space 38912K, 25% used [0x00000000fd380000,0x00000000fdd50030,0x00000000ff980000)
  to   space 41984K, 0% used [0x00000000fa780000,0x00000000fa780000,0x00000000fd080000)
 ParOldGen       total 344576K, used 145309K [0x00000000e0000000, 0x00000000f5080000, 0x00000000f5580000)
  object space 344576K, 42% used [0x00000000e0000000,0x00000000e8de7778,0x00000000f5080000)
 Metaspace       used 80369K, capacity 86082K, committed 86784K, reserved 1124352K
  class space    used 10676K, capacity 11879K, committed 12032K, reserved 1048576K
}
Event: 1635.204 GC heap before
{Heap before GC invocations=37 (full 4):
 PSYoungGen      total 122880K, used 94016K [0x00000000f5580000, 0x00000000ff980000, 0x0000000100000000)
  eden space 83968K, 100% used [0x00000000f5580000,0x00000000fa780000,0x00000000fa780000)
  from space 38912K, 25% used [0x00000000fd380000,0x00000000fdd50030,0x00000000ff980000)
  to   space 41984K, 0% used [0x00000000fa780000,0x00000000fa780000,0x00000000fd080000)
 ParOldGen       total 344576K, used 145309K [0x00000000e0000000, 0x00000000f5080000, 0x00000000f5580000)
  object space 344576K, 42% used [0x00000000e0000000,0x00000000e8de7778,0x00000000f5080000)
 Metaspace       used 80400K, capacity 86082K, committed 86784K, reserved 1124352K
  class space    used 10676K, capacity 11879K, committed 12032K, reserved 1048576K
Event: 1635.226 GC heap after
Heap after GC invocations=37 (full 4):
 PSYoungGen      total 125952K, used 2496K [0x00000000f5580000, 0x0000000100000000, 0x0000000100000000)
  eden space 83968K, 0% used [0x00000000f5580000,0x00000000f5580000,0x00000000fa780000)
  from space 41984K, 5% used [0x00000000fa780000,0x00000000fa9f0020,0x00000000fd080000)
  to   space 41984K, 0% used [0x00000000fd700000,0x00000000fd700000,0x0000000100000000)
 ParOldGen       total 344576K, used 154530K [0x00000000e0000000, 0x00000000f5080000, 0x00000000f5580000)
  object space 344576K, 44% used [0x00000000e0000000,0x00000000e96e89c0,0x00000000f5080000)
 Metaspace       used 80400K, capacity 86082K, committed 86784K, reserved 1124352K
  class space    used 10676K, capacity 11879K, committed 12032K, reserved 1048576K
}
Event: 2166.194 GC heap before
{Heap before GC invocations=38 (full 4):
 PSYoungGen      total 125952K, used 86464K [0x00000000f5580000, 0x0000000100000000, 0x0000000100000000)
  eden space 83968K, 100% used [0x00000000f5580000,0x00000000fa780000,0x00000000fa780000)
  from space 41984K, 5% used [0x00000000fa780000,0x00000000fa9f0020,0x00000000fd080000)
  to   space 41984K, 0% used [0x00000000fd700000,0x00000000fd700000,0x0000000100000000)
 ParOldGen       total 344576K, used 154530K [0x00000000e0000000, 0x00000000f5080000, 0x00000000f5580000)
  object space 344576K, 44% used [0x00000000e0000000,0x00000000e96e89c0,0x00000000f5080000)
 Metaspace       used 80677K, capacity 86552K, committed 86784K, reserved 1124352K
  class space    used 10705K, capacity 11930K, committed 12032K, reserved 1048576K

